Arguments: 
  C:\Program Files (x86)\nodejs\node.exe C:\Users\13gau\AppData\Roaming\npm\node_modules\yarn\bin\yarn.js add react-reveal

PATH: 
  C:\Python39\Scripts\;C:\Python39\;C:\ProgramData\Oracle\Java\javapath;C:\Program Files (x86)\Common Files\Oracle\Java\javapath;C:\GnuWin32\bin;C:\Dev-Cpp\bin;C:\MinGW\bin;C:\Program Files (x86)\Java\jdk1.8.0_101\bin;C:\Program Files\MATLAB\R2013a\runtime\win64;C:\Program Files\MATLAB\R2013a\bin;C:\WINDOWS\system32;C:\WINDOWS;C:\WINDOWS\System32\Wbem;C:\WINDOWS\System32\WindowsPowerShell\v1.0\;C:\WINDOWS\System32\OpenSSH\;C:\Program Files (x86)\nodejs\;C:\Users\13gau\AppData\Local\Programs\Python\Python38\Scripts\;C:\Users\13gau\AppData\Local\Programs\Python\Python38\;C:\Python\Python37-32\Scripts\;C:\Python\Python37-32\;C:\Users\13gau\AppData\Local\Microsoft\WindowsApps;C:\Users\13gau\AppData\Local\Microsoft\WindowsApps;C:\Users\13gau\AppData\Local\hyper\app-3.0.2\resources\bin;C:\MinGW\bin;C:\GnuWin32\bin;C:\Dev-Cpp\bin;C:\Program Files (x86)\Java\jdk1.8.0_101\bin;C:\Program Files\JetBrains\IntelliJ IDEA Community Edition 2020.2.3\bin;C:\Program Files\CMake\bin;C:\Users\13gau\AppData\Local\Programs\Microsoft VS Code\bin;C:\Users\13gau\AppData\Roaming\npm

Yarn version: 
  1.22.10

Node version: 
  14.17.0

Platform: 
  win32 ia32

Trace: 
  Error: connect EHOSTUNREACH 104.16.18.35:443
      at TCPConnectWrap.afterConnect [as oncomplete] (net.js:1146:16)

npm manifest: 
  {
    "name": "tesla-clone",
    "version": "0.1.0",
    "private": true,
    "dependencies": {
      "@material-ui/core": "^4.11.4",
      "@material-ui/icons": "^4.11.2",
      "@reduxjs/toolkit": "^1.5.1",
      "@testing-library/jest-dom": "^4.2.4",
      "@testing-library/react": "^9.5.0",
      "@testing-library/user-event": "^7.2.1",
      "react": "^17.0.2",
      "react-dom": "^17.0.2",
      "react-redux": "^7.2.4",
      "react-scripts": "^4.0.3",
      "styled-components": "^5.3.0"
    },
    "scripts": {
      "start": "react-scripts start",
      "build": "react-scripts build",
      "test": "react-scripts test",
      "eject": "react-scripts eject"
    },
    "eslintConfig": {
      "extends": "react-app"
    },
    "browserslist": {
      "production": [
        ">0.2%",
        "not dead",
        "not op_mini all"
      ],
      "development": [
        "last 1 chrome version",
        "last 1 firefox version",
        "last 1 safari version"
      ]
    }
  }

yarn manifest: 
  No manifest

Lockfile: 
  No lockfile
